.\Debug\RouterNode.pdb
C:\Users\Dharmesh\Desktop\New folder (9)\Runs\WideAreaNetwork\WideAreaNetwork\RouterNode\.\Debug\RouterNode.exe.intermediate.manifest
C:\Users\Dharmesh\Desktop\New folder (9)\Runs\WideAreaNetwork\WideAreaNetwork\RouterNode\Debug\cl.command.1.tlog
C:\Users\Dharmesh\Desktop\New folder (9)\Runs\WideAreaNetwork\WideAreaNetwork\RouterNode\Debug\CL.read.1.tlog
C:\Users\Dharmesh\Desktop\New folder (9)\Runs\WideAreaNetwork\WideAreaNetwork\RouterNode\Debug\CL.write.1.tlog
C:\USERS\DHARMESH\DESKTOP\NEW FOLDER (9)\RUNS\WIDEAREANETWORK\WIDEAREANETWORK\ROUTERNODE\DEBUG\COMMLINE.OBJ
C:\USERS\DHARMESH\DESKTOP\NEW FOLDER (9)\RUNS\WIDEAREANETWORK\WIDEAREANETWORK\ROUTERNODE\DEBUG\COMMLINE.SBR
C:\USERS\DHARMESH\DESKTOP\NEW FOLDER (9)\RUNS\WIDEAREANETWORK\WIDEAREANETWORK\ROUTERNODE\DEBUG\DROPNEIGHBOURTIMER.OBJ
C:\USERS\DHARMESH\DESKTOP\NEW FOLDER (9)\RUNS\WIDEAREANETWORK\WIDEAREANETWORK\ROUTERNODE\DEBUG\DROPNEIGHBOURTIMER.SBR
C:\USERS\DHARMESH\DESKTOP\NEW FOLDER (9)\RUNS\WIDEAREANETWORK\WIDEAREANETWORK\ROUTERNODE\DEBUG\INPUTOUTPUT.OBJ
C:\USERS\DHARMESH\DESKTOP\NEW FOLDER (9)\RUNS\WIDEAREANETWORK\WIDEAREANETWORK\ROUTERNODE\DEBUG\INPUTOUTPUT.SBR
C:\Users\Dharmesh\Desktop\New folder (9)\Runs\WideAreaNetwork\WideAreaNetwork\RouterNode\Debug\link.command.1.tlog
C:\Users\Dharmesh\Desktop\New folder (9)\Runs\WideAreaNetwork\WideAreaNetwork\RouterNode\Debug\link.read.1.tlog
C:\Users\Dharmesh\Desktop\New folder (9)\Runs\WideAreaNetwork\WideAreaNetwork\RouterNode\Debug\link.write.1.tlog
C:\Users\Dharmesh\Desktop\New folder (9)\Runs\WideAreaNetwork\WideAreaNetwork\RouterNode\Debug\link-cvtres.read.1.tlog
C:\Users\Dharmesh\Desktop\New folder (9)\Runs\WideAreaNetwork\WideAreaNetwork\RouterNode\Debug\link-cvtres.write.1.tlog
C:\Users\Dharmesh\Desktop\New folder (9)\Runs\WideAreaNetwork\WideAreaNetwork\RouterNode\Debug\mt.command.1.tlog
C:\Users\Dharmesh\Desktop\New folder (9)\Runs\WideAreaNetwork\WideAreaNetwork\RouterNode\Debug\mt.read.1.tlog
C:\Users\Dharmesh\Desktop\New folder (9)\Runs\WideAreaNetwork\WideAreaNetwork\RouterNode\Debug\mt.write.1.tlog
C:\USERS\DHARMESH\DESKTOP\NEW FOLDER (9)\RUNS\WIDEAREANETWORK\WIDEAREANETWORK\ROUTERNODE\DEBUG\NEIGHBOURHOOD.OBJ
C:\USERS\DHARMESH\DESKTOP\NEW FOLDER (9)\RUNS\WIDEAREANETWORK\WIDEAREANETWORK\ROUTERNODE\DEBUG\NEIGHBOURHOOD.SBR
C:\USERS\DHARMESH\DESKTOP\NEW FOLDER (9)\RUNS\WIDEAREANETWORK\WIDEAREANETWORK\ROUTERNODE\DEBUG\PACKET.OBJ
C:\USERS\DHARMESH\DESKTOP\NEW FOLDER (9)\RUNS\WIDEAREANETWORK\WIDEAREANETWORK\ROUTERNODE\DEBUG\PACKET.SBR
C:\USERS\DHARMESH\DESKTOP\NEW FOLDER (9)\RUNS\WIDEAREANETWORK\WIDEAREANETWORK\ROUTERNODE\DEBUG\QUEUE.OBJ
C:\USERS\DHARMESH\DESKTOP\NEW FOLDER (9)\RUNS\WIDEAREANETWORK\WIDEAREANETWORK\ROUTERNODE\DEBUG\QUEUE.SBR
C:\Users\Dharmesh\Desktop\New folder (9)\Runs\WideAreaNetwork\WideAreaNetwork\RouterNode\Debug\rc.command.1.tlog
C:\Users\Dharmesh\Desktop\New folder (9)\Runs\WideAreaNetwork\WideAreaNetwork\RouterNode\Debug\rc.read.1.tlog
C:\Users\Dharmesh\Desktop\New folder (9)\Runs\WideAreaNetwork\WideAreaNetwork\RouterNode\Debug\rc.write.1.tlog
C:\USERS\DHARMESH\DESKTOP\NEW FOLDER (9)\RUNS\WIDEAREANETWORK\WIDEAREANETWORK\ROUTERNODE\DEBUG\ROUTERNODE.EXE.EMBED.MANIFEST
C:\USERS\DHARMESH\DESKTOP\NEW FOLDER (9)\RUNS\WIDEAREANETWORK\WIDEAREANETWORK\ROUTERNODE\DEBUG\ROUTERNODE.EXE.EMBED.MANIFEST.RES
C:\Users\Dharmesh\Desktop\New folder (9)\Runs\WideAreaNetwork\WideAreaNetwork\RouterNode\Debug\RouterNode.exe.intermediate.manifest
C:\USERS\DHARMESH\DESKTOP\NEW FOLDER (9)\RUNS\WIDEAREANETWORK\WIDEAREANETWORK\ROUTERNODE\DEBUG\ROUTERNODE.OBJ
C:\USERS\DHARMESH\DESKTOP\NEW FOLDER (9)\RUNS\WIDEAREANETWORK\WIDEAREANETWORK\ROUTERNODE\DEBUG\ROUTERNODE.PCH
C:\Users\Dharmesh\Desktop\New folder (9)\Runs\WideAreaNetwork\WideAreaNetwork\RouterNode\Debug\RouterNode.pdb
C:\USERS\DHARMESH\DESKTOP\NEW FOLDER (9)\RUNS\WIDEAREANETWORK\WIDEAREANETWORK\ROUTERNODE\DEBUG\ROUTERNODE.RES
C:\USERS\DHARMESH\DESKTOP\NEW FOLDER (9)\RUNS\WIDEAREANETWORK\WIDEAREANETWORK\ROUTERNODE\DEBUG\ROUTERNODE.SBR
C:\Users\Dharmesh\Desktop\New folder (9)\Runs\WideAreaNetwork\WideAreaNetwork\RouterNode\Debug\RouterNode_manifest.rc
C:\USERS\DHARMESH\DESKTOP\NEW FOLDER (9)\RUNS\WIDEAREANETWORK\WIDEAREANETWORK\ROUTERNODE\DEBUG\ROUTERNODEDLG.OBJ
C:\USERS\DHARMESH\DESKTOP\NEW FOLDER (9)\RUNS\WIDEAREANETWORK\WIDEAREANETWORK\ROUTERNODE\DEBUG\ROUTERNODEDLG.SBR
C:\USERS\DHARMESH\DESKTOP\NEW FOLDER (9)\RUNS\WIDEAREANETWORK\WIDEAREANETWORK\ROUTERNODE\DEBUG\STDAFX.OBJ
C:\USERS\DHARMESH\DESKTOP\NEW FOLDER (9)\RUNS\WIDEAREANETWORK\WIDEAREANETWORK\ROUTERNODE\DEBUG\STDAFX.SBR
C:\Users\Dharmesh\Desktop\New folder (9)\Runs\WideAreaNetwork\WideAreaNetwork\RouterNode\Debug\vc100.idb
C:\USERS\DHARMESH\DESKTOP\NEW FOLDER (9)\RUNS\WIDEAREANETWORK\WIDEAREANETWORK\ROUTERNODE\DEBUG\VC100.PDB
