.\Debug\Router.bsc
.\Debug\Router.pdb
C:\USERS\DHARMESH\DESKTOP\NEW FOLDER (9)\RUNS\WIDEAREANETWORK\WIDEAREANETWORK\EXECUTABLES\R.EXE
C:\USERS\DHARMESH\DESKTOP\NEW FOLDER (9)\RUNS\WIDEAREANETWORK\WIDEAREANETWORK\EXECUTABLES\R.ILK
C:\Users\Dharmesh\Desktop\New folder (9)\Runs\WideAreaNetwork\WideAreaNetwork\Router\.\Debug\Router.exe.intermediate.manifest
C:\Users\Dharmesh\Desktop\New folder (9)\Runs\WideAreaNetwork\WideAreaNetwork\Router\Debug\BscMake.command.1.tlog
C:\Users\Dharmesh\Desktop\New folder (9)\Runs\WideAreaNetwork\WideAreaNetwork\Router\Debug\bscmake.read.1.tlog
C:\Users\Dharmesh\Desktop\New folder (9)\Runs\WideAreaNetwork\WideAreaNetwork\Router\Debug\bscmake.write.1.tlog
C:\Users\Dharmesh\Desktop\New folder (9)\Runs\WideAreaNetwork\WideAreaNetwork\Router\Debug\cl.command.1.tlog
C:\Users\Dharmesh\Desktop\New folder (9)\Runs\WideAreaNetwork\WideAreaNetwork\Router\Debug\CL.read.1.tlog
C:\Users\Dharmesh\Desktop\New folder (9)\Runs\WideAreaNetwork\WideAreaNetwork\Router\Debug\CL.write.1.tlog
C:\Users\Dharmesh\Desktop\New folder (9)\Runs\WideAreaNetwork\WideAreaNetwork\Router\Debug\link.4792.read.1.tlog
C:\Users\Dharmesh\Desktop\New folder (9)\Runs\WideAreaNetwork\WideAreaNetwork\Router\Debug\link.4792.write.1.tlog
C:\Users\Dharmesh\Desktop\New folder (9)\Runs\WideAreaNetwork\WideAreaNetwork\Router\Debug\link.4792-cvtres.read.1.tlog
C:\Users\Dharmesh\Desktop\New folder (9)\Runs\WideAreaNetwork\WideAreaNetwork\Router\Debug\link.4792-cvtres.write.1.tlog
C:\Users\Dharmesh\Desktop\New folder (9)\Runs\WideAreaNetwork\WideAreaNetwork\Router\Debug\link.command.1.tlog
C:\Users\Dharmesh\Desktop\New folder (9)\Runs\WideAreaNetwork\WideAreaNetwork\Router\Debug\link.read.1.tlog
C:\Users\Dharmesh\Desktop\New folder (9)\Runs\WideAreaNetwork\WideAreaNetwork\Router\Debug\link.write.1.tlog
C:\Users\Dharmesh\Desktop\New folder (9)\Runs\WideAreaNetwork\WideAreaNetwork\Router\Debug\link-cvtres.read.1.tlog
C:\Users\Dharmesh\Desktop\New folder (9)\Runs\WideAreaNetwork\WideAreaNetwork\Router\Debug\link-cvtres.write.1.tlog
C:\Users\Dharmesh\Desktop\New folder (9)\Runs\WideAreaNetwork\WideAreaNetwork\Router\Debug\mt.command.1.tlog
C:\Users\Dharmesh\Desktop\New folder (9)\Runs\WideAreaNetwork\WideAreaNetwork\Router\Debug\mt.read.1.tlog
C:\Users\Dharmesh\Desktop\New folder (9)\Runs\WideAreaNetwork\WideAreaNetwork\Router\Debug\mt.write.1.tlog
C:\Users\Dharmesh\Desktop\New folder (9)\Runs\WideAreaNetwork\WideAreaNetwork\Router\Debug\rc.command.1.tlog
C:\Users\Dharmesh\Desktop\New folder (9)\Runs\WideAreaNetwork\WideAreaNetwork\Router\Debug\rc.read.1.tlog
C:\Users\Dharmesh\Desktop\New folder (9)\Runs\WideAreaNetwork\WideAreaNetwork\Router\Debug\rc.write.1.tlog
C:\USERS\DHARMESH\DESKTOP\NEW FOLDER (9)\RUNS\WIDEAREANETWORK\WIDEAREANETWORK\ROUTER\DEBUG\ROUTER.BSC
C:\USERS\DHARMESH\DESKTOP\NEW FOLDER (9)\RUNS\WIDEAREANETWORK\WIDEAREANETWORK\ROUTER\DEBUG\ROUTER.EXE.EMBED.MANIFEST
C:\USERS\DHARMESH\DESKTOP\NEW FOLDER (9)\RUNS\WIDEAREANETWORK\WIDEAREANETWORK\ROUTER\DEBUG\ROUTER.EXE.EMBED.MANIFEST.RES
C:\USERS\DHARMESH\DESKTOP\NEW FOLDER (9)\RUNS\WIDEAREANETWORK\WIDEAREANETWORK\ROUTER\DEBUG\ROUTER.EXE.INTERMEDIATE.MANIFEST
C:\USERS\DHARMESH\DESKTOP\NEW FOLDER (9)\RUNS\WIDEAREANETWORK\WIDEAREANETWORK\ROUTER\DEBUG\ROUTER.OBJ
C:\USERS\DHARMESH\DESKTOP\NEW FOLDER (9)\RUNS\WIDEAREANETWORK\WIDEAREANETWORK\ROUTER\DEBUG\ROUTER.PCH
C:\USERS\DHARMESH\DESKTOP\NEW FOLDER (9)\RUNS\WIDEAREANETWORK\WIDEAREANETWORK\ROUTER\DEBUG\ROUTER.PDB
C:\USERS\DHARMESH\DESKTOP\NEW FOLDER (9)\RUNS\WIDEAREANETWORK\WIDEAREANETWORK\ROUTER\DEBUG\ROUTER.RES
C:\USERS\DHARMESH\DESKTOP\NEW FOLDER (9)\RUNS\WIDEAREANETWORK\WIDEAREANETWORK\ROUTER\DEBUG\ROUTER.SBR
C:\Users\Dharmesh\Desktop\New folder (9)\Runs\WideAreaNetwork\WideAreaNetwork\Router\Debug\Router_manifest.rc
C:\USERS\DHARMESH\DESKTOP\NEW FOLDER (9)\RUNS\WIDEAREANETWORK\WIDEAREANETWORK\ROUTER\DEBUG\STDAFX.OBJ
C:\USERS\DHARMESH\DESKTOP\NEW FOLDER (9)\RUNS\WIDEAREANETWORK\WIDEAREANETWORK\ROUTER\DEBUG\STDAFX.SBR
C:\Users\Dharmesh\Desktop\New folder (9)\Runs\WideAreaNetwork\WideAreaNetwork\Router\Debug\vc100.idb
C:\USERS\DHARMESH\DESKTOP\NEW FOLDER (9)\RUNS\WIDEAREANETWORK\WIDEAREANETWORK\ROUTER\DEBUG\VC100.PDB
