.\Debug\CommLine.pdb
C:\Users\Dharmesh\Desktop\New folder (9)\Runs\WideAreaNetwork\WideAreaNetwork\CommLine\.\Debug\CommLine.exe.intermediate.manifest
C:\Users\Dharmesh\Desktop\New folder (9)\Runs\WideAreaNetwork\WideAreaNetwork\CommLine\Debug\cl.command.1.tlog
C:\Users\Dharmesh\Desktop\New folder (9)\Runs\WideAreaNetwork\WideAreaNetwork\CommLine\Debug\CL.read.1.tlog
C:\Users\Dharmesh\Desktop\New folder (9)\Runs\WideAreaNetwork\WideAreaNetwork\CommLine\Debug\CL.write.1.tlog
C:\USERS\DHARMESH\DESKTOP\NEW FOLDER (9)\RUNS\WIDEAREANETWORK\WIDEAREANETWORK\COMMLINE\DEBUG\COMMLINE.EXE.EMBED.MANIFEST
C:\USERS\DHARMESH\DESKTOP\NEW FOLDER (9)\RUNS\WIDEAREANETWORK\WIDEAREANETWORK\COMMLINE\DEBUG\COMMLINE.EXE.EMBED.MANIFEST.RES
C:\USERS\DHARMESH\DESKTOP\NEW FOLDER (9)\RUNS\WIDEAREANETWORK\WIDEAREANETWORK\COMMLINE\DEBUG\COMMLINE.EXE.INTERMEDIATE.MANIFEST
C:\USERS\DHARMESH\DESKTOP\NEW FOLDER (9)\RUNS\WIDEAREANETWORK\WIDEAREANETWORK\COMMLINE\DEBUG\COMMLINE.OBJ
C:\USERS\DHARMESH\DESKTOP\NEW FOLDER (9)\RUNS\WIDEAREANETWORK\WIDEAREANETWORK\COMMLINE\DEBUG\COMMLINE.PCH
C:\USERS\DHARMESH\DESKTOP\NEW FOLDER (9)\RUNS\WIDEAREANETWORK\WIDEAREANETWORK\COMMLINE\DEBUG\COMMLINE.PDB
C:\USERS\DHARMESH\DESKTOP\NEW FOLDER (9)\RUNS\WIDEAREANETWORK\WIDEAREANETWORK\COMMLINE\DEBUG\COMMLINE.RES
C:\Users\Dharmesh\Desktop\New folder (9)\Runs\WideAreaNetwork\WideAreaNetwork\CommLine\Debug\CommLine_manifest.rc
C:\USERS\DHARMESH\DESKTOP\NEW FOLDER (9)\RUNS\WIDEAREANETWORK\WIDEAREANETWORK\COMMLINE\DEBUG\COMMLINEDLG.OBJ
C:\Users\Dharmesh\Desktop\New folder (9)\Runs\WideAreaNetwork\WideAreaNetwork\CommLine\Debug\link.command.1.tlog
C:\Users\Dharmesh\Desktop\New folder (9)\Runs\WideAreaNetwork\WideAreaNetwork\CommLine\Debug\link.read.1.tlog
C:\Users\Dharmesh\Desktop\New folder (9)\Runs\WideAreaNetwork\WideAreaNetwork\CommLine\Debug\link.write.1.tlog
C:\Users\Dharmesh\Desktop\New folder (9)\Runs\WideAreaNetwork\WideAreaNetwork\CommLine\Debug\link-cvtres.read.1.tlog
C:\Users\Dharmesh\Desktop\New folder (9)\Runs\WideAreaNetwork\WideAreaNetwork\CommLine\Debug\link-cvtres.write.1.tlog
C:\Users\Dharmesh\Desktop\New folder (9)\Runs\WideAreaNetwork\WideAreaNetwork\CommLine\Debug\mt.command.1.tlog
C:\Users\Dharmesh\Desktop\New folder (9)\Runs\WideAreaNetwork\WideAreaNetwork\CommLine\Debug\mt.read.1.tlog
C:\Users\Dharmesh\Desktop\New folder (9)\Runs\WideAreaNetwork\WideAreaNetwork\CommLine\Debug\mt.write.1.tlog
C:\Users\Dharmesh\Desktop\New folder (9)\Runs\WideAreaNetwork\WideAreaNetwork\CommLine\Debug\rc.command.1.tlog
C:\Users\Dharmesh\Desktop\New folder (9)\Runs\WideAreaNetwork\WideAreaNetwork\CommLine\Debug\rc.read.1.tlog
C:\Users\Dharmesh\Desktop\New folder (9)\Runs\WideAreaNetwork\WideAreaNetwork\CommLine\Debug\rc.write.1.tlog
C:\USERS\DHARMESH\DESKTOP\NEW FOLDER (9)\RUNS\WIDEAREANETWORK\WIDEAREANETWORK\COMMLINE\DEBUG\STATUS.OBJ
C:\USERS\DHARMESH\DESKTOP\NEW FOLDER (9)\RUNS\WIDEAREANETWORK\WIDEAREANETWORK\COMMLINE\DEBUG\STDAFX.OBJ
C:\Users\Dharmesh\Desktop\New folder (9)\Runs\WideAreaNetwork\WideAreaNetwork\CommLine\Debug\vc100.idb
C:\USERS\DHARMESH\DESKTOP\NEW FOLDER (9)\RUNS\WIDEAREANETWORK\WIDEAREANETWORK\COMMLINE\DEBUG\VC100.PDB
C:\USERS\DHARMESH\DESKTOP\NEW FOLDER (9)\RUNS\WIDEAREANETWORK\WIDEAREANETWORK\EXECUTABLES\C.EXE
C:\USERS\DHARMESH\DESKTOP\NEW FOLDER (9)\RUNS\WIDEAREANETWORK\WIDEAREANETWORK\EXECUTABLES\C.ILK
