Build started 2/8/2016 1:30:03 PM.
     1>Project "C:\Users\Dharmesh\Desktop\New folder (9)\Runs\WideAreaNetwork\WideAreaNetwork\CommLine\CommLine.vcxproj" on node 2 (build target(s)).
     1>InitializeBuildStatus:
         Creating ".\Debug\CommLine.unsuccessfulbuild" because "AlwaysCreate" was specified.
       ClCompile:
         C:\Program Files\Microsoft Visual Studio 10.0\VC\bin\CL.exe /c /ZI /nologo /W3 /WX- /Od /Oy- /D WIN32 /D _DEBUG /D _WINDOWS /D _VC80_UPGRADE=0x0600 /D _MBCS /Gm /EHsc /RTC1 /MTd /GS /Gy- /fp:precise /Zc:wchar_t /Zc:forScope /Yc"stdafx.h" /Fp".\Debug\CommLine.pch" /Fo".\Debug\\" /Fd".\Debug\vc100.pdb" /Gd /TP /analyze- /errorReport:prompt StdAfx.cpp
         StdAfx.cpp
         C:\Program Files\Microsoft Visual Studio 10.0\VC\bin\CL.exe /c /ZI /nologo /W3 /WX- /Od /Oy- /D WIN32 /D _DEBUG /D _WINDOWS /D _VC80_UPGRADE=0x0600 /D _MBCS /Gm /EHsc /RTC1 /MTd /GS /Gy- /fp:precise /Zc:wchar_t /Zc:forScope /Yu"stdafx.h" /Fp".\Debug\CommLine.pch" /Fo".\Debug\\" /Fd".\Debug\vc100.pdb" /Gd /TP /analyze- /errorReport:prompt CommLine.cpp CommLineDlg.cpp Status.cpp
         Status.cpp
         CommLineDlg.cpp
         CommLine.cpp
         Generating Code...
       ResourceCompile:
         c:\Program Files\Microsoft SDKs\Windows\v7.0A\bin\rc.exe /D _DEBUG /D _VC80_UPGRADE=0x0600 /l"0x0409" /nologo /fo".\Debug\CommLine.res" CommLine.rc 
       ManifestResourceCompile:
         All outputs are up-to-date.
     1>C:\Program Files\MSBuild\Microsoft.Cpp\v4.0\Microsoft.CppBuild.targets(990,5): warning MSB8012: TargetPath(C:\Users\Dharmesh\Desktop\New folder (9)\Runs\WideAreaNetwork\WideAreaNetwork\CommLine\.\Debug\CommLine.exe) does not match the Linker's OutputFile property value (C:\Users\Dharmesh\Desktop\New folder (9)\Runs\WideAreaNetwork\WideAreaNetwork\Executables\c.exe). This may cause your project to build incorrectly. To correct this, please make sure that $(OutDir), $(TargetName) and $(TargetExt) property values match the value specified in %(Link.OutputFile).
     1>C:\Program Files\MSBuild\Microsoft.Cpp\v4.0\Microsoft.CppBuild.targets(992,5): warning MSB8012: TargetName(CommLine) does not match the Linker's OutputFile property value (c). This may cause your project to build incorrectly. To correct this, please make sure that $(OutDir), $(TargetName) and $(TargetExt) property values match the value specified in %(Link.OutputFile).
       Link:
         C:\Program Files\Microsoft Visual Studio 10.0\VC\bin\link.exe /ERRORREPORT:PROMPT /OUT:"..\Executables\c.exe" /INCREMENTAL /NOLOGO /MANIFEST /ManifestFile:".\Debug\CommLine.exe.intermediate.manifest" /MANIFESTUAC:"level='asInvoker' uiAccess='false'" /DEBUG /PDB:"C:\Users\Dharmesh\Desktop\New folder (9)\Runs\WideAreaNetwork\WideAreaNetwork\CommLine\Debug\CommLine.pdb" /SUBSYSTEM:WINDOWS /TLBID:1 /DYNAMICBASE /NXCOMPAT /IMPLIB:".\Debug\CommLine.lib" /MACHINE:X86 .\Debug\CommLine.res
         .\Debug\CommLine.exe.embed.manifest.res
         .\Debug\CommLine.obj
         .\Debug\CommLineDlg.obj
         .\Debug\Status.obj
         .\Debug\StdAfx.obj
       Manifest:
         c:\Program Files\Microsoft SDKs\Windows\v7.0A\bin\mt.exe /nologo /verbose /out:".\Debug\CommLine.exe.embed.manifest" /manifest .\Debug\CommLine.exe.intermediate.manifest "C:\Program Files\Microsoft Visual Studio 10.0\VC\Include\Manifest\dpiaware.manifest"
         All outputs are up-to-date.
       LinkEmbedManifest:
         C:\Program Files\Microsoft Visual Studio 10.0\VC\bin\link.exe /ERRORREPORT:PROMPT /OUT:"..\Executables\c.exe" /INCREMENTAL /NOLOGO /MANIFEST /ManifestFile:".\Debug\CommLine.exe.intermediate.manifest" /MANIFESTUAC:"level='asInvoker' uiAccess='false'" /DEBUG /PDB:"C:\Users\Dharmesh\Desktop\New folder (9)\Runs\WideAreaNetwork\WideAreaNetwork\CommLine\Debug\CommLine.pdb" /SUBSYSTEM:WINDOWS /TLBID:1 /DYNAMICBASE /NXCOMPAT /IMPLIB:".\Debug\CommLine.lib" /MACHINE:X86 .\Debug\CommLine.res
         .\Debug\CommLine.exe.embed.manifest.res
         .\Debug\CommLine.obj
         .\Debug\CommLineDlg.obj
         .\Debug\Status.obj
         .\Debug\StdAfx.obj
         CommLine.vcxproj -> C:\Users\Dharmesh\Desktop\New folder (9)\Runs\WideAreaNetwork\WideAreaNetwork\CommLine\.\Debug\CommLine.exe
       FinalizeBuildStatus:
         Deleting file ".\Debug\CommLine.unsuccessfulbuild".
         Touching ".\Debug\CommLine.lastbuildstate".
     1>Done Building Project "C:\Users\Dharmesh\Desktop\New folder (9)\Runs\WideAreaNetwork\WideAreaNetwork\CommLine\CommLine.vcxproj" (build target(s)).

Build succeeded.

Time Elapsed 00:00:25.09
