.\Debug\NetworkController.bsc
.\Debug\NetworkController.pdb
C:\Users\Dharmesh\Desktop\New folder (9)\Runs\WideAreaNetwork\WideAreaNetwork\NetworkController\.\Debug\NetworkController.exe.intermediate.manifest
C:\Users\Dharmesh\Desktop\New folder (9)\Runs\WideAreaNetwork\WideAreaNetwork\NetworkController\Debug\BscMake.command.1.tlog
C:\Users\Dharmesh\Desktop\New folder (9)\Runs\WideAreaNetwork\WideAreaNetwork\NetworkController\Debug\bscmake.read.1.tlog
C:\Users\Dharmesh\Desktop\New folder (9)\Runs\WideAreaNetwork\WideAreaNetwork\NetworkController\Debug\bscmake.write.1.tlog
C:\Users\Dharmesh\Desktop\New folder (9)\Runs\WideAreaNetwork\WideAreaNetwork\NetworkController\Debug\cl.command.1.tlog
C:\Users\Dharmesh\Desktop\New folder (9)\Runs\WideAreaNetwork\WideAreaNetwork\NetworkController\Debug\CL.read.1.tlog
C:\Users\Dharmesh\Desktop\New folder (9)\Runs\WideAreaNetwork\WideAreaNetwork\NetworkController\Debug\CL.write.1.tlog
C:\Users\Dharmesh\Desktop\New folder (9)\Runs\WideAreaNetwork\WideAreaNetwork\NetworkController\Debug\link.command.1.tlog
C:\Users\Dharmesh\Desktop\New folder (9)\Runs\WideAreaNetwork\WideAreaNetwork\NetworkController\Debug\link.read.1.tlog
C:\Users\Dharmesh\Desktop\New folder (9)\Runs\WideAreaNetwork\WideAreaNetwork\NetworkController\Debug\link.write.1.tlog
C:\Users\Dharmesh\Desktop\New folder (9)\Runs\WideAreaNetwork\WideAreaNetwork\NetworkController\Debug\link-cvtres.read.1.tlog
C:\Users\Dharmesh\Desktop\New folder (9)\Runs\WideAreaNetwork\WideAreaNetwork\NetworkController\Debug\link-cvtres.write.1.tlog
C:\USERS\DHARMESH\DESKTOP\NEW FOLDER (9)\RUNS\WIDEAREANETWORK\WIDEAREANETWORK\NETWORKCONTROLLER\DEBUG\MAINFRM.OBJ
C:\USERS\DHARMESH\DESKTOP\NEW FOLDER (9)\RUNS\WIDEAREANETWORK\WIDEAREANETWORK\NETWORKCONTROLLER\DEBUG\MAINFRM.SBR
C:\Users\Dharmesh\Desktop\New folder (9)\Runs\WideAreaNetwork\WideAreaNetwork\NetworkController\Debug\mt.command.1.tlog
C:\Users\Dharmesh\Desktop\New folder (9)\Runs\WideAreaNetwork\WideAreaNetwork\NetworkController\Debug\mt.read.1.tlog
C:\Users\Dharmesh\Desktop\New folder (9)\Runs\WideAreaNetwork\WideAreaNetwork\NetworkController\Debug\mt.write.1.tlog
C:\USERS\DHARMESH\DESKTOP\NEW FOLDER (9)\RUNS\WIDEAREANETWORK\WIDEAREANETWORK\NETWORKCONTROLLER\DEBUG\NETWORKCONTROLLER.BSC
C:\USERS\DHARMESH\DESKTOP\NEW FOLDER (9)\RUNS\WIDEAREANETWORK\WIDEAREANETWORK\NETWORKCONTROLLER\DEBUG\NETWORKCONTROLLER.EXE.EMBED.MANIFEST
C:\USERS\DHARMESH\DESKTOP\NEW FOLDER (9)\RUNS\WIDEAREANETWORK\WIDEAREANETWORK\NETWORKCONTROLLER\DEBUG\NETWORKCONTROLLER.EXE.EMBED.MANIFEST.RES
C:\Users\Dharmesh\Desktop\New folder (9)\Runs\WideAreaNetwork\WideAreaNetwork\NetworkController\Debug\NetworkController.exe.intermediate.manifest
C:\USERS\DHARMESH\DESKTOP\NEW FOLDER (9)\RUNS\WIDEAREANETWORK\WIDEAREANETWORK\NETWORKCONTROLLER\DEBUG\NETWORKCONTROLLER.OBJ
C:\USERS\DHARMESH\DESKTOP\NEW FOLDER (9)\RUNS\WIDEAREANETWORK\WIDEAREANETWORK\NETWORKCONTROLLER\DEBUG\NETWORKCONTROLLER.PCH
C:\Users\Dharmesh\Desktop\New folder (9)\Runs\WideAreaNetwork\WideAreaNetwork\NetworkController\Debug\NetworkController.pdb
C:\USERS\DHARMESH\DESKTOP\NEW FOLDER (9)\RUNS\WIDEAREANETWORK\WIDEAREANETWORK\NETWORKCONTROLLER\DEBUG\NETWORKCONTROLLER.RES
C:\USERS\DHARMESH\DESKTOP\NEW FOLDER (9)\RUNS\WIDEAREANETWORK\WIDEAREANETWORK\NETWORKCONTROLLER\DEBUG\NETWORKCONTROLLER.SBR
C:\Users\Dharmesh\Desktop\New folder (9)\Runs\WideAreaNetwork\WideAreaNetwork\NetworkController\Debug\NetworkController_manifest.rc
C:\USERS\DHARMESH\DESKTOP\NEW FOLDER (9)\RUNS\WIDEAREANETWORK\WIDEAREANETWORK\NETWORKCONTROLLER\DEBUG\NETWORKDOC.OBJ
C:\USERS\DHARMESH\DESKTOP\NEW FOLDER (9)\RUNS\WIDEAREANETWORK\WIDEAREANETWORK\NETWORKCONTROLLER\DEBUG\NETWORKDOC.SBR
C:\USERS\DHARMESH\DESKTOP\NEW FOLDER (9)\RUNS\WIDEAREANETWORK\WIDEAREANETWORK\NETWORKCONTROLLER\DEBUG\NETWORKVIEW.OBJ
C:\USERS\DHARMESH\DESKTOP\NEW FOLDER (9)\RUNS\WIDEAREANETWORK\WIDEAREANETWORK\NETWORKCONTROLLER\DEBUG\NETWORKVIEW.SBR
C:\USERS\DHARMESH\DESKTOP\NEW FOLDER (9)\RUNS\WIDEAREANETWORK\WIDEAREANETWORK\NETWORKCONTROLLER\DEBUG\NODE.OBJ
C:\USERS\DHARMESH\DESKTOP\NEW FOLDER (9)\RUNS\WIDEAREANETWORK\WIDEAREANETWORK\NETWORKCONTROLLER\DEBUG\NODE.SBR
C:\Users\Dharmesh\Desktop\New folder (9)\Runs\WideAreaNetwork\WideAreaNetwork\NetworkController\Debug\rc.command.1.tlog
C:\Users\Dharmesh\Desktop\New folder (9)\Runs\WideAreaNetwork\WideAreaNetwork\NetworkController\Debug\rc.read.1.tlog
C:\Users\Dharmesh\Desktop\New folder (9)\Runs\WideAreaNetwork\WideAreaNetwork\NetworkController\Debug\rc.write.1.tlog
C:\USERS\DHARMESH\DESKTOP\NEW FOLDER (9)\RUNS\WIDEAREANETWORK\WIDEAREANETWORK\NETWORKCONTROLLER\DEBUG\STDAFX.OBJ
C:\USERS\DHARMESH\DESKTOP\NEW FOLDER (9)\RUNS\WIDEAREANETWORK\WIDEAREANETWORK\NETWORKCONTROLLER\DEBUG\STDAFX.SBR
C:\Users\Dharmesh\Desktop\New folder (9)\Runs\WideAreaNetwork\WideAreaNetwork\NetworkController\Debug\vc100.idb
C:\USERS\DHARMESH\DESKTOP\NEW FOLDER (9)\RUNS\WIDEAREANETWORK\WIDEAREANETWORK\NETWORKCONTROLLER\DEBUG\VC100.PDB
