Build started 2/8/2016 1:28:00 PM.
     1>Project "C:\Users\Dharmesh\Desktop\New folder (9)\Runs\WideAreaNetwork\WideAreaNetwork\NetworkController\NetworkController.vcxproj" on node 2 (rebuild target(s)).
     1>_PrepareForClean:
         Deleting file ".\Debug\NetworkController.lastbuildstate".
       InitializeBuildStatus:
         Touching ".\Debug\NetworkController.unsuccessfulbuild".
       ClCompile:
         C:\Program Files\Microsoft Visual Studio 10.0\VC\bin\CL.exe /c /ZI /nologo /W3 /WX- /Od /Oy- /D WIN32 /D _DEBUG /D _WINDOWS /D _VC80_UPGRADE=0x0600 /D _MBCS /Gm /EHsc /RTC1 /MTd /GS /Gy- /fp:precise /Zc:wchar_t /Zc:forScope /Yc"stdafx.h" /Fp".\Debug\NetworkController.pch" /Fo".\Debug\\" /Fd".\Debug\vc100.pdb" /FR".\Debug\\" /Gd /TP /analyze- /errorReport:prompt StdAfx.cpp
         StdAfx.cpp
         _WIN32_WINNT not defined. Defaulting to _WIN32_WINNT_MAXVER (see WinSDKVer.h)
         C:\Program Files\Microsoft Visual Studio 10.0\VC\bin\CL.exe /c /ZI /nologo /W3 /WX- /Od /Oy- /D WIN32 /D _DEBUG /D _WINDOWS /D _VC80_UPGRADE=0x0600 /D _MBCS /Gm /EHsc /RTC1 /MTd /GS /Gy- /fp:precise /Zc:wchar_t /Zc:forScope /Yu"stdafx.h" /Fp".\Debug\NetworkController.pch" /Fo".\Debug\\" /Fd".\Debug\vc100.pdb" /FR".\Debug\\" /Gd /TP /analyze- /errorReport:prompt MainFrm.cpp NetworkController.cpp NetworkDoc.cpp NetworkView.cpp Node.cpp
         Node.cpp
     1>c:\users\dharmesh\desktop\new folder (9)\runs\wideareanetwork\wideareanetwork\networkcontroller\node.cpp(73): warning C4996: 'strcpy': This function or variable may be unsafe. Consider using strcpy_s instead. To disable deprecation, use _CRT_SECURE_NO_WARNINGS. See online help for details.
                 c:\program files\microsoft visual studio 10.0\vc\include\string.h(105) : see declaration of 'strcpy'
     1>c:\users\dharmesh\desktop\new folder (9)\runs\wideareanetwork\wideareanetwork\networkcontroller\node.cpp(77): warning C4996: 'strcpy': This function or variable may be unsafe. Consider using strcpy_s instead. To disable deprecation, use _CRT_SECURE_NO_WARNINGS. See online help for details.
                 c:\program files\microsoft visual studio 10.0\vc\include\string.h(105) : see declaration of 'strcpy'
     1>c:\users\dharmesh\desktop\new folder (9)\runs\wideareanetwork\wideareanetwork\networkcontroller\node.cpp(79): warning C4996: 'strcpy': This function or variable may be unsafe. Consider using strcpy_s instead. To disable deprecation, use _CRT_SECURE_NO_WARNINGS. See online help for details.
                 c:\program files\microsoft visual studio 10.0\vc\include\string.h(105) : see declaration of 'strcpy'
     1>c:\users\dharmesh\desktop\new folder (9)\runs\wideareanetwork\wideareanetwork\networkcontroller\node.cpp(84): warning C4996: 'strcpy': This function or variable may be unsafe. Consider using strcpy_s instead. To disable deprecation, use _CRT_SECURE_NO_WARNINGS. See online help for details.
                 c:\program files\microsoft visual studio 10.0\vc\include\string.h(105) : see declaration of 'strcpy'
     1>c:\users\dharmesh\desktop\new folder (9)\runs\wideareanetwork\wideareanetwork\networkcontroller\node.cpp(86): warning C4996: 'strcpy': This function or variable may be unsafe. Consider using strcpy_s instead. To disable deprecation, use _CRT_SECURE_NO_WARNINGS. See online help for details.
                 c:\program files\microsoft visual studio 10.0\vc\include\string.h(105) : see declaration of 'strcpy'
     1>c:\users\dharmesh\desktop\new folder (9)\runs\wideareanetwork\wideareanetwork\networkcontroller\node.cpp(94): warning C4996: 'strcat': This function or variable may be unsafe. Consider using strcat_s instead. To disable deprecation, use _CRT_SECURE_NO_WARNINGS. See online help for details.
                 c:\program files\microsoft visual studio 10.0\vc\include\string.h(110) : see declaration of 'strcat'
     1>c:\users\dharmesh\desktop\new folder (9)\runs\wideareanetwork\wideareanetwork\networkcontroller\node.cpp(95): warning C4996: 'strcat': This function or variable may be unsafe. Consider using strcat_s instead. To disable deprecation, use _CRT_SECURE_NO_WARNINGS. See online help for details.
                 c:\program files\microsoft visual studio 10.0\vc\include\string.h(110) : see declaration of 'strcat'
     1>c:\users\dharmesh\desktop\new folder (9)\runs\wideareanetwork\wideareanetwork\networkcontroller\node.cpp(97): warning C4996: 'strcat': This function or variable may be unsafe. Consider using strcat_s instead. To disable deprecation, use _CRT_SECURE_NO_WARNINGS. See online help for details.
                 c:\program files\microsoft visual studio 10.0\vc\include\string.h(110) : see declaration of 'strcat'
     1>c:\users\dharmesh\desktop\new folder (9)\runs\wideareanetwork\wideareanetwork\networkcontroller\node.cpp(178): warning C4996: 'strcpy': This function or variable may be unsafe. Consider using strcpy_s instead. To disable deprecation, use _CRT_SECURE_NO_WARNINGS. See online help for details.
                 c:\program files\microsoft visual studio 10.0\vc\include\string.h(105) : see declaration of 'strcpy'
     1>c:\users\dharmesh\desktop\new folder (9)\runs\wideareanetwork\wideareanetwork\networkcontroller\node.cpp(180): warning C4996: 'strcpy': This function or variable may be unsafe. Consider using strcpy_s instead. To disable deprecation, use _CRT_SECURE_NO_WARNINGS. See online help for details.
                 c:\program files\microsoft visual studio 10.0\vc\include\string.h(105) : see declaration of 'strcpy'
     1>c:\users\dharmesh\desktop\new folder (9)\runs\wideareanetwork\wideareanetwork\networkcontroller\node.cpp(182): warning C4996: 'strcpy': This function or variable may be unsafe. Consider using strcpy_s instead. To disable deprecation, use _CRT_SECURE_NO_WARNINGS. See online help for details.
                 c:\program files\microsoft visual studio 10.0\vc\include\string.h(105) : see declaration of 'strcpy'
     1>c:\users\dharmesh\desktop\new folder (9)\runs\wideareanetwork\wideareanetwork\networkcontroller\node.cpp(184): warning C4996: 'strcpy': This function or variable may be unsafe. Consider using strcpy_s instead. To disable deprecation, use _CRT_SECURE_NO_WARNINGS. See online help for details.
                 c:\program files\microsoft visual studio 10.0\vc\include\string.h(105) : see declaration of 'strcpy'
     1>c:\users\dharmesh\desktop\new folder (9)\runs\wideareanetwork\wideareanetwork\networkcontroller\node.cpp(184): warning C4996: 'itoa': The POSIX name for this item is deprecated. Instead, use the ISO C++ conformant name: _itoa. See online help for details.
                 c:\program files\microsoft visual studio 10.0\vc\include\stdlib.h(867) : see declaration of 'itoa'
     1>c:\users\dharmesh\desktop\new folder (9)\runs\wideareanetwork\wideareanetwork\networkcontroller\node.cpp(186): warning C4996: 'strcpy': This function or variable may be unsafe. Consider using strcpy_s instead. To disable deprecation, use _CRT_SECURE_NO_WARNINGS. See online help for details.
                 c:\program files\microsoft visual studio 10.0\vc\include\string.h(105) : see declaration of 'strcpy'
     1>c:\users\dharmesh\desktop\new folder (9)\runs\wideareanetwork\wideareanetwork\networkcontroller\node.cpp(188): warning C4996: 'strcpy': This function or variable may be unsafe. Consider using strcpy_s instead. To disable deprecation, use _CRT_SECURE_NO_WARNINGS. See online help for details.
                 c:\program files\microsoft visual studio 10.0\vc\include\string.h(105) : see declaration of 'strcpy'
     1>c:\users\dharmesh\desktop\new folder (9)\runs\wideareanetwork\wideareanetwork\networkcontroller\node.cpp(190): warning C4996: 'strcpy': This function or variable may be unsafe. Consider using strcpy_s instead. To disable deprecation, use _CRT_SECURE_NO_WARNINGS. See online help for details.
                 c:\program files\microsoft visual studio 10.0\vc\include\string.h(105) : see declaration of 'strcpy'
     1>c:\users\dharmesh\desktop\new folder (9)\runs\wideareanetwork\wideareanetwork\networkcontroller\node.cpp(192): warning C4996: 'strcpy': This function or variable may be unsafe. Consider using strcpy_s instead. To disable deprecation, use _CRT_SECURE_NO_WARNINGS. See online help for details.
                 c:\program files\microsoft visual studio 10.0\vc\include\string.h(105) : see declaration of 'strcpy'
     1>c:\users\dharmesh\desktop\new folder (9)\runs\wideareanetwork\wideareanetwork\networkcontroller\node.cpp(194): warning C4996: 'strcpy': This function or variable may be unsafe. Consider using strcpy_s instead. To disable deprecation, use _CRT_SECURE_NO_WARNINGS. See online help for details.
                 c:\program files\microsoft visual studio 10.0\vc\include\string.h(105) : see declaration of 'strcpy'
     1>c:\users\dharmesh\desktop\new folder (9)\runs\wideareanetwork\wideareanetwork\networkcontroller\node.cpp(196): warning C4996: 'strcpy': This function or variable may be unsafe. Consider using strcpy_s instead. To disable deprecation, use _CRT_SECURE_NO_WARNINGS. See online help for details.
                 c:\program files\microsoft visual studio 10.0\vc\include\string.h(105) : see declaration of 'strcpy'
     1>c:\users\dharmesh\desktop\new folder (9)\runs\wideareanetwork\wideareanetwork\networkcontroller\node.cpp(348): warning C4996: 'itoa': The POSIX name for this item is deprecated. Instead, use the ISO C++ conformant name: _itoa. See online help for details.
                 c:\program files\microsoft visual studio 10.0\vc\include\stdlib.h(867) : see declaration of 'itoa'
     1>c:\users\dharmesh\desktop\new folder (9)\runs\wideareanetwork\wideareanetwork\networkcontroller\node.cpp(350): warning C4996: 'itoa': The POSIX name for this item is deprecated. Instead, use the ISO C++ conformant name: _itoa. See online help for details.
                 c:\program files\microsoft visual studio 10.0\vc\include\stdlib.h(867) : see declaration of 'itoa'
     1>c:\users\dharmesh\desktop\new folder (9)\runs\wideareanetwork\wideareanetwork\networkcontroller\node.cpp(411): warning C4018: '<' : signed/unsigned mismatch
     1>c:\users\dharmesh\desktop\new folder (9)\runs\wideareanetwork\wideareanetwork\networkcontroller\node.cpp(411): warning C4018: '<' : signed/unsigned mismatch
     1>c:\users\dharmesh\desktop\new folder (9)\runs\wideareanetwork\wideareanetwork\networkcontroller\node.cpp(429): warning C4018: '<' : signed/unsigned mismatch
     1>c:\users\dharmesh\desktop\new folder (9)\runs\wideareanetwork\wideareanetwork\networkcontroller\node.cpp(448): warning C4018: '<' : signed/unsigned mismatch
         NetworkView.cpp
     1>c:\users\dharmesh\desktop\new folder (9)\runs\wideareanetwork\wideareanetwork\networkcontroller\networkview.cpp(325): warning C4996: 'strcpy': This function or variable may be unsafe. Consider using strcpy_s instead. To disable deprecation, use _CRT_SECURE_NO_WARNINGS. See online help for details.
                 c:\program files\microsoft visual studio 10.0\vc\include\string.h(105) : see declaration of 'strcpy'
     1>c:\users\dharmesh\desktop\new folder (9)\runs\wideareanetwork\wideareanetwork\networkcontroller\networkview.cpp(327): warning C4996: 'strcpy': This function or variable may be unsafe. Consider using strcpy_s instead. To disable deprecation, use _CRT_SECURE_NO_WARNINGS. See online help for details.
                 c:\program files\microsoft visual studio 10.0\vc\include\string.h(105) : see declaration of 'strcpy'
     1>c:\users\dharmesh\desktop\new folder (9)\runs\wideareanetwork\wideareanetwork\networkcontroller\networkview.cpp(329): warning C4996: 'strcpy': This function or variable may be unsafe. Consider using strcpy_s instead. To disable deprecation, use _CRT_SECURE_NO_WARNINGS. See online help for details.
                 c:\program files\microsoft visual studio 10.0\vc\include\string.h(105) : see declaration of 'strcpy'
     1>c:\users\dharmesh\desktop\new folder (9)\runs\wideareanetwork\wideareanetwork\networkcontroller\networkview.cpp(331): warning C4996: 'strcpy': This function or variable may be unsafe. Consider using strcpy_s instead. To disable deprecation, use _CRT_SECURE_NO_WARNINGS. See online help for details.
                 c:\program files\microsoft visual studio 10.0\vc\include\string.h(105) : see declaration of 'strcpy'
     1>c:\users\dharmesh\desktop\new folder (9)\runs\wideareanetwork\wideareanetwork\networkcontroller\networkview.cpp(331): warning C4996: 'itoa': The POSIX name for this item is deprecated. Instead, use the ISO C++ conformant name: _itoa. See online help for details.
                 c:\program files\microsoft visual studio 10.0\vc\include\stdlib.h(867) : see declaration of 'itoa'
     1>c:\users\dharmesh\desktop\new folder (9)\runs\wideareanetwork\wideareanetwork\networkcontroller\networkview.cpp(333): warning C4996: 'strcpy': This function or variable may be unsafe. Consider using strcpy_s instead. To disable deprecation, use _CRT_SECURE_NO_WARNINGS. See online help for details.
                 c:\program files\microsoft visual studio 10.0\vc\include\string.h(105) : see declaration of 'strcpy'
     1>c:\users\dharmesh\desktop\new folder (9)\runs\wideareanetwork\wideareanetwork\networkcontroller\networkview.cpp(335): warning C4996: 'strcpy': This function or variable may be unsafe. Consider using strcpy_s instead. To disable deprecation, use _CRT_SECURE_NO_WARNINGS. See online help for details.
                 c:\program files\microsoft visual studio 10.0\vc\include\string.h(105) : see declaration of 'strcpy'
     1>c:\users\dharmesh\desktop\new folder (9)\runs\wideareanetwork\wideareanetwork\networkcontroller\networkview.cpp(337): warning C4996: 'strcpy': This function or variable may be unsafe. Consider using strcpy_s instead. To disable deprecation, use _CRT_SECURE_NO_WARNINGS. See online help for details.
                 c:\program files\microsoft visual studio 10.0\vc\include\string.h(105) : see declaration of 'strcpy'
     1>c:\users\dharmesh\desktop\new folder (9)\runs\wideareanetwork\wideareanetwork\networkcontroller\networkview.cpp(339): warning C4996: 'strcpy': This function or variable may be unsafe. Consider using strcpy_s instead. To disable deprecation, use _CRT_SECURE_NO_WARNINGS. See online help for details.
                 c:\program files\microsoft visual studio 10.0\vc\include\string.h(105) : see declaration of 'strcpy'
     1>c:\users\dharmesh\desktop\new folder (9)\runs\wideareanetwork\wideareanetwork\networkcontroller\networkview.cpp(341): warning C4996: 'strcpy': This function or variable may be unsafe. Consider using strcpy_s instead. To disable deprecation, use _CRT_SECURE_NO_WARNINGS. See online help for details.
                 c:\program files\microsoft visual studio 10.0\vc\include\string.h(105) : see declaration of 'strcpy'
     1>c:\users\dharmesh\desktop\new folder (9)\runs\wideareanetwork\wideareanetwork\networkcontroller\networkview.cpp(343): warning C4996: 'strcpy': This function or variable may be unsafe. Consider using strcpy_s instead. To disable deprecation, use _CRT_SECURE_NO_WARNINGS. See online help for details.
                 c:\program files\microsoft visual studio 10.0\vc\include\string.h(105) : see declaration of 'strcpy'
     1>c:\users\dharmesh\desktop\new folder (9)\runs\wideareanetwork\wideareanetwork\networkcontroller\networkview.cpp(369): warning C4996: 'write': The POSIX name for this item is deprecated. Instead, use the ISO C++ conformant name: _write. See online help for details.
                 c:\program files\microsoft visual studio 10.0\vc\include\io.h(318) : see declaration of 'write'
     1>c:\users\dharmesh\desktop\new folder (9)\runs\wideareanetwork\wideareanetwork\networkcontroller\networkview.cpp(370): warning C4996: 'read': The POSIX name for this item is deprecated. Instead, use the ISO C++ conformant name: _read. See online help for details.
                 c:\program files\microsoft visual studio 10.0\vc\include\io.h(313) : see declaration of 'read'
     1>c:\users\dharmesh\desktop\new folder (9)\runs\wideareanetwork\wideareanetwork\networkcontroller\networkview.cpp(373): warning C4996: 'itoa': The POSIX name for this item is deprecated. Instead, use the ISO C++ conformant name: _itoa. See online help for details.
                 c:\program files\microsoft visual studio 10.0\vc\include\stdlib.h(867) : see declaration of 'itoa'
     1>c:\users\dharmesh\desktop\new folder (9)\runs\wideareanetwork\wideareanetwork\networkcontroller\networkview.cpp(374): warning C4996: 'itoa': The POSIX name for this item is deprecated. Instead, use the ISO C++ conformant name: _itoa. See online help for details.
                 c:\program files\microsoft visual studio 10.0\vc\include\stdlib.h(867) : see declaration of 'itoa'
     1>c:\users\dharmesh\desktop\new folder (9)\runs\wideareanetwork\wideareanetwork\networkcontroller\networkview.cpp(389): warning C4996: 'itoa': The POSIX name for this item is deprecated. Instead, use the ISO C++ conformant name: _itoa. See online help for details.
                 c:\program files\microsoft visual studio 10.0\vc\include\stdlib.h(867) : see declaration of 'itoa'
         NetworkDoc.cpp
         NetworkController.cpp
     1>c:\users\dharmesh\desktop\new folder (9)\runs\wideareanetwork\wideareanetwork\networkcontroller\networkcontroller.cpp(60): warning C4996: 'CWinApp::Enable3dControlsStatic': CWinApp::Enable3dControlsStatic is no longer needed. You should remove this call.
                 c:\program files\microsoft visual studio 10.0\vc\atlmfc\include\afxwin.h(5347) : see declaration of 'CWinApp::Enable3dControlsStatic'
         MainFrm.cpp
         Generating Code...
       ResourceCompile:
         c:\Program Files\Microsoft SDKs\Windows\v7.0A\bin\rc.exe /D _DEBUG /D _VC80_UPGRADE=0x0600 /l"0x0409" /nologo /fo".\Debug\NetworkController.res" NetworkController.rc 
       ManifestResourceCompile:
         c:\Program Files\Microsoft SDKs\Windows\v7.0A\bin\rc.exe /nologo /fo".\Debug\NetworkController.exe.embed.manifest.res" .\Debug\NetworkController_manifest.rc 
     1>C:\Program Files\MSBuild\Microsoft.Cpp\v4.0\Microsoft.CppBuild.targets(990,5): warning MSB8012: TargetPath(C:\Users\Dharmesh\Desktop\New folder (9)\Runs\WideAreaNetwork\WideAreaNetwork\NetworkController\.\Debug\NetworkController.exe) does not match the Linker's OutputFile property value (C:\Users\Dharmesh\Desktop\New folder (9)\Runs\WideAreaNetwork\WideAreaNetwork\Executables\Nctr.exe). This may cause your project to build incorrectly. To correct this, please make sure that $(OutDir), $(TargetName) and $(TargetExt) property values match the value specified in %(Link.OutputFile).
     1>C:\Program Files\MSBuild\Microsoft.Cpp\v4.0\Microsoft.CppBuild.targets(992,5): warning MSB8012: TargetName(NetworkController) does not match the Linker's OutputFile property value (Nctr). This may cause your project to build incorrectly. To correct this, please make sure that $(OutDir), $(TargetName) and $(TargetExt) property values match the value specified in %(Link.OutputFile).
       Link:
         C:\Program Files\Microsoft Visual Studio 10.0\VC\bin\link.exe /ERRORREPORT:PROMPT /OUT:"..\Executables\Nctr.exe" /INCREMENTAL /NOLOGO /MANIFEST /ManifestFile:".\Debug\NetworkController.exe.intermediate.manifest" /MANIFESTUAC:"level='asInvoker' uiAccess='false'" /DEBUG /PDB:"C:\Users\Dharmesh\Desktop\New folder (9)\Runs\WideAreaNetwork\WideAreaNetwork\NetworkController\Debug\NetworkController.pdb" /SUBSYSTEM:WINDOWS /TLBID:1 /DYNAMICBASE /NXCOMPAT /IMPLIB:".\Debug\NetworkController.lib" /MACHINE:X86 .\Debug\NetworkController.res
         .\Debug\NetworkController.exe.embed.manifest.res
         .\Debug\MainFrm.obj
         .\Debug\NetworkController.obj
         .\Debug\NetworkDoc.obj
         .\Debug\NetworkView.obj
         .\Debug\Node.obj
         .\Debug\StdAfx.obj
         LINK : program database C:\Users\Dharmesh\Desktop\New folder (9)\Runs\WideAreaNetwork\WideAreaNetwork\NetworkController\Debug\NetworkController.pdb missing; performing full link
       Manifest:
         Deleting file ".\Debug\NetworkController.exe.embed.manifest".
         c:\Program Files\Microsoft SDKs\Windows\v7.0A\bin\mt.exe /nologo /verbose /out:".\Debug\NetworkController.exe.embed.manifest" /manifest .\Debug\NetworkController.exe.intermediate.manifest "C:\Program Files\Microsoft Visual Studio 10.0\VC\Include\Manifest\dpiaware.manifest"
         c:\Program Files\Microsoft SDKs\Windows\v7.0A\bin\rc.exe /nologo /fo".\Debug\NetworkController.exe.embed.manifest.res" .\Debug\NetworkController_manifest.rc 
       LinkEmbedManifest:
         C:\Program Files\Microsoft Visual Studio 10.0\VC\bin\link.exe /ERRORREPORT:PROMPT /OUT:"..\Executables\Nctr.exe" /INCREMENTAL /NOLOGO /MANIFEST /ManifestFile:".\Debug\NetworkController.exe.intermediate.manifest" /MANIFESTUAC:"level='asInvoker' uiAccess='false'" /DEBUG /PDB:"C:\Users\Dharmesh\Desktop\New folder (9)\Runs\WideAreaNetwork\WideAreaNetwork\NetworkController\Debug\NetworkController.pdb" /SUBSYSTEM:WINDOWS /TLBID:1 /DYNAMICBASE /NXCOMPAT /IMPLIB:".\Debug\NetworkController.lib" /MACHINE:X86 .\Debug\NetworkController.res
         .\Debug\NetworkController.exe.embed.manifest.res
         .\Debug\MainFrm.obj
         .\Debug\NetworkController.obj
         .\Debug\NetworkDoc.obj
         .\Debug\NetworkView.obj
         .\Debug\Node.obj
         .\Debug\StdAfx.obj
         NetworkController.vcxproj -> C:\Users\Dharmesh\Desktop\New folder (9)\Runs\WideAreaNetwork\WideAreaNetwork\NetworkController\.\Debug\NetworkController.exe
       BscMake:
         C:\Program Files\Microsoft Visual Studio 10.0\VC\bin\bscmake.exe /nologo /o".\Debug\NetworkController.bsc" .\Debug\MainFrm.sbr .\Debug\NetworkController.sbr .\Debug\NetworkDoc.sbr .\Debug\NetworkView.sbr .\Debug\Node.sbr .\Debug\StdAfx.sbr
       FinalizeBuildStatus:
         Deleting file ".\Debug\NetworkController.unsuccessfulbuild".
         Touching ".\Debug\NetworkController.lastbuildstate".
     1>Done Building Project "C:\Users\Dharmesh\Desktop\New folder (9)\Runs\WideAreaNetwork\WideAreaNetwork\NetworkController\NetworkController.vcxproj" (rebuild target(s)).

Build succeeded.

Time Elapsed 00:00:46.59
